<?xml version="1.0" encoding="UTF-8"?>
<!-- Generated by org.testng.reporters.JUnitReportReporter -->
<testsuite hostname="Rajhans" failures="0" tests="1" name="Spotify.OAuth2.Get_PlaylistTest" time="1.976" errors="0" timestamp="2023-12-25T12:35:41 IST" skipped="0">
  <testcase classname="Spotify.OAuth2.Get_PlaylistTest" name="CreatePlayList_test" time="1.976"/>
  <system-out/>
</testsuite> <!-- Spotify.OAuth2.Get_PlaylistTest -->
