<?xml version="1.0" encoding="UTF-8"?>
<!-- Generated by org.testng.reporters.JUnitReportReporter -->
<testsuite hostname="Rajhans" failures="0" tests="1" name="com.Spotify.OAuth2.test.Negative_TestFor_Playlist" time="1.622" errors="0" timestamp="2023-12-26T11:28:28 IST" skipped="0">
  <testcase classname="com.Spotify.OAuth2.test.Negative_TestFor_Playlist" name="TestWithExpiredAccessToken" time="1.622"/>
  <system-out/>
</testsuite> <!-- com.Spotify.OAuth2.test.Negative_TestFor_Playlist -->
