<?xml version="1.0" encoding="UTF-8"?>
<!-- Generated by org.testng.reporters.JUnitReportReporter -->
<testsuite hostname="Rajhans" failures="0" tests="4" name="com.Spotify.OAuth2.test.Create_PlayListTest" time="3.998" errors="0" timestamp="2023-12-26T12:56:34 IST" skipped="0">
  <testcase classname="com.Spotify.OAuth2.test.Create_PlayListTest" name="getPlayList_test" time="0.497"/>
  <system-out/>
  <testcase classname="com.Spotify.OAuth2.test.Create_PlayListTest" name="testWithoutName" time="0.311"/>
  <system-out/>
  <testcase classname="com.Spotify.OAuth2.test.Create_PlayListTest" name="CreatePlayList_test" time="2.717"/>
  <system-out/>
  <testcase classname="com.Spotify.OAuth2.test.Create_PlayListTest" name="updatePlaylistTest" time="0.473"/>
  <system-out/>
</testsuite> <!-- com.Spotify.OAuth2.test.Create_PlayListTest -->
