<?xml version="1.0" encoding="UTF-8"?>
<!-- Generated by org.testng.reporters.JUnitReportReporter -->
<testsuite hostname="Rajhans" failures="0" tests="4" name="com.Spotify.OAuth2.test.CRUD_PlayListTest" time="7.506" errors="0" timestamp="2023-12-29T17:55:05 IST" skipped="0">
  <testcase classname="com.Spotify.OAuth2.test.CRUD_PlayListTest" name="CreatePlayList_test" time="5.910"/>
  <testcase classname="com.Spotify.OAuth2.test.CRUD_PlayListTest" name="testWithoutName" time="0.313"/>
  <testcase classname="com.Spotify.OAuth2.test.CRUD_PlayListTest" name="updatePlaylistTest" time="0.563"/>
  <testcase classname="com.Spotify.OAuth2.test.CRUD_PlayListTest" name="getPlayList_test" time="0.720"/>
</testsuite> <!-- com.Spotify.OAuth2.test.CRUD_PlayListTest -->
