<?xml version="1.0" encoding="UTF-8"?>
<!-- Generated by org.testng.reporters.JUnitReportReporter -->
<testsuite hostname="Rajhans" failures="0" tests="1" name="Spotify.OAuth2.PlayListTest" time="2.457" errors="0" timestamp="2023-12-25T12:24:25 IST" skipped="0">
  <testcase classname="Spotify.OAuth2.PlayListTest" name="CreatePlayList_test" time="2.457"/>
  <system-out/>
</testsuite> <!-- Spotify.OAuth2.PlayListTest -->
