<?xml version="1.0" encoding="UTF-8"?>
<!-- Generated by org.testng.reporters.JUnitReportReporter -->
<testsuite hostname="Rajhans" failures="0" tests="4" name="com.Spotify.OAuth2.test.CRUD_PlayListTest" time="9.153" errors="0" timestamp="2024-01-02T16:01:16 IST" skipped="0">
  <testcase classname="com.Spotify.OAuth2.test.CRUD_PlayListTest" name="getPlayList_test" time="0.520"/>
  <testcase classname="com.Spotify.OAuth2.test.CRUD_PlayListTest" name="CreatePlayList_test" time="7.861"/>
  <testcase classname="com.Spotify.OAuth2.test.CRUD_PlayListTest" name="updatePlaylistTest" time="0.411"/>
  <testcase classname="com.Spotify.OAuth2.test.CRUD_PlayListTest" name="testWithoutName" time="0.361"/>
</testsuite> <!-- com.Spotify.OAuth2.test.CRUD_PlayListTest -->
