<?xml version="1.0" encoding="UTF-8"?>
<!-- Generated by org.testng.reporters.JUnitReportReporter -->
<testsuite hostname="Rajhans" failures="0" tests="4" name="com.Spotify.OAuth2.test.CRUD_PlayListTest" time="24.256" errors="0" timestamp="2023-12-29T23:29:49 IST" skipped="0">
  <testcase classname="com.Spotify.OAuth2.test.CRUD_PlayListTest" name="testWithoutName" time="6.100"/>
  <testcase classname="com.Spotify.OAuth2.test.CRUD_PlayListTest" name="getPlayList_test" time="5.763"/>
  <testcase classname="com.Spotify.OAuth2.test.CRUD_PlayListTest" name="updatePlaylistTest" time="6.177"/>
  <testcase classname="com.Spotify.OAuth2.test.CRUD_PlayListTest" name="CreatePlayList_test" time="6.216"/>
</testsuite> <!-- com.Spotify.OAuth2.test.CRUD_PlayListTest -->
